# JRE version: OpenJDK Runtime Environment (8.0_141-b15) (build 1.8.0_141-8u141-b15-3-b15)
# Java VM: OpenJDK 64-Bit Server VM (25.141-b15 mixed mode linux-amd64 compressed oops)
Heap:
 PSYoungGen      total 238592K, used 17922K [0x00000000ebd80000, 0x00000000ff880000, 0x0000000100000000)
  eden space 159744K, 0% used [0x00000000ebd80000,0x00000000ebd80000,0x00000000f5980000)
  from space 78848K, 22% used [0x00000000fab80000,0x00000000fbd00bc8,0x00000000ff880000)
  to   space 81408K, 0% used [0x00000000f5980000,0x00000000f5980000,0x00000000fa900000)
 ParOldGen       total 305152K, used 305016K [0x00000000c3800000, 0x00000000d6200000, 0x00000000ebd80000)
  object space 305152K, 99% used [0x00000000c3800000,0x00000000d61de0e0,0x00000000d6200000)
 Metaspace       used 20269K, capacity 20568K, committed 20736K, reserved 1067008K
  class space    used 2443K, capacity 2540K, committed 2560K, reserved 1048576K
GC Heap History (10 events):
Event: 31,789 GC heap after
Heap after GC invocations=18 (full 3):
 PSYoungGen      total 177664K, used 51707K [0x00000000ebd80000, 0x00000000fd480000, 0x0000000100000000)
  eden space 125952K, 0% used [0x00000000ebd80000,0x00000000ebd80000,0x00000000f3880000)
  from space 51712K, 99% used [0x00000000f3880000,0x00000000f6afedd8,0x00000000f6b00000)
  to   space 69120K, 0% used [0x00000000f9100000,0x00000000f9100000,0x00000000fd480000)
 ParOldGen       total 196096K, used 175874K [0x00000000c3800000, 0x00000000cf780000, 0x00000000ebd80000)
  object space 196096K, 89% used [0x00000000c3800000,0x00000000ce3c0ab8,0x00000000cf780000)
 Metaspace       used 20269K, capacity 20568K, committed 20736K, reserved 1067008K
  class space    used 2443K, capacity 2540K, committed 2560K, reserved 1048576K
}
Event: 31,789 GC heap before
{Heap before GC invocations=19 (full 4):
 PSYoungGen      total 177664K, used 51707K [0x00000000ebd80000, 0x00000000fd480000, 0x0000000100000000)
  eden space 125952K, 0% used [0x00000000ebd80000,0x00000000ebd80000,0x00000000f3880000)
  from space 51712K, 99% used [0x00000000f3880000,0x00000000f6afedd8,0x00000000f6b00000)
  to   space 69120K, 0% used [0x00000000f9100000,0x00000000f9100000,0x00000000fd480000)
 ParOldGen       total 196096K, used 175874K [0x00000000c3800000, 0x00000000cf780000, 0x00000000ebd80000)
  object space 196096K, 89% used [0x00000000c3800000,0x00000000ce3c0ab8,0x00000000cf780000)
 Metaspace       used 20269K, capacity 20568K, committed 20736K, reserved 1067008K
  class space    used 2443K, capacity 2540K, committed 2560K, reserved 1048576K
Event: 33,012 GC heap after
Heap after GC invocations=19 (full 4):
 PSYoungGen      total 177664K, used 21476K [0x00000000ebd80000, 0x00000000fd480000, 0x0000000100000000)
  eden space 125952K, 0% used [0x00000000ebd80000,0x00000000ebd80000,0x00000000f3880000)
  from space 51712K, 41% used [0x00000000f3880000,0x00000000f4d79060,0x00000000f6b00000)
  to   space 69120K, 0% used [0x00000000f9100000,0x00000000f9100000,0x00000000fd480000)
 ParOldGen       total 296448K, used 194171K [0x00000000c3800000, 0x00000000d5980000, 0x00000000ebd80000)
  object space 296448K, 65% used [0x00000000c3800000,0x00000000cf59ed60,0x00000000d5980000)
 Metaspace       used 20269K, capacity 20568K, committed 20736K, reserved 1067008K
  class space    used 2443K, capacity 2540K, committed 2560K, reserved 1048576K
}
Event: 36,675 GC heap before
{Heap before GC invocations=20 (full 4):
 PSYoungGen      total 177664K, used 147428K [0x00000000ebd80000, 0x00000000fd480000, 0x0000000100000000)
  eden space 125952K, 100% used [0x00000000ebd80000,0x00000000f3880000,0x00000000f3880000)
  from space 51712K, 41% used [0x00000000f3880000,0x00000000f4d79060,0x00000000f6b00000)
  to   space 69120K, 0% used [0x00000000f9100000,0x00000000f9100000,0x00000000fd480000)
 ParOldGen       total 296448K, used 194171K [0x00000000c3800000, 0x00000000d5980000, 0x00000000ebd80000)
  object space 296448K, 65% used [0x00000000c3800000,0x00000000cf59ed60,0x00000000d5980000)
 Metaspace       used 20269K, capacity 20568K, committed 20736K, reserved 1067008K
  class space    used 2443K, capacity 2540K, committed 2560K, reserved 1048576K
Event: 36,842 GC heap after
Heap after GC invocations=20 (full 4):
 PSYoungGen      total 205312K, used 32512K [0x00000000ebd80000, 0x00000000fcd00000, 0x0000000100000000)
  eden space 143872K, 0% used [0x00000000ebd80000,0x00000000ebd80000,0x00000000f4a00000)
  from space 61440K, 52% used [0x00000000f9100000,0x00000000fb0c0000,0x00000000fcd00000)
  to   space 67072K, 0% used [0x00000000f4a00000,0x00000000f4a00000,0x00000000f8b80000)
 ParOldGen       total 296448K, used 215718K [0x00000000c3800000, 0x00000000d5980000, 0x00000000ebd80000)
  object space 296448K, 72% used [0x00000000c3800000,0x00000000d0aa9b98,0x00000000d5980000)
 Metaspace       used 20269K, capacity 20568K, committed 20736K, reserved 1067008K
  class space    used 2443K, capacity 2540K, committed 2560K, reserved 1048576K
}
Event: 38,496 GC heap before
{Heap before GC invocations=21 (full 4):
 PSYoungGen      total 205312K, used 176384K [0x00000000ebd80000, 0x00000000fcd00000, 0x0000000100000000)
  eden space 143872K, 100% used [0x00000000ebd80000,0x00000000f4a00000,0x00000000f4a00000)
  from space 61440K, 52% used [0x00000000f9100000,0x00000000fb0c0000,0x00000000fcd00000)
  to   space 67072K, 0% used [0x00000000f4a00000,0x00000000f4a00000,0x00000000f8b80000)
 ParOldGen       total 296448K, used 215718K [0x00000000c3800000, 0x00000000d5980000, 0x00000000ebd80000)
  object space 296448K, 72% used [0x00000000c3800000,0x00000000d0aa9b98,0x00000000d5980000)
 Metaspace       used 20269K, capacity 20568K, committed 20736K, reserved 1067008K
  class space    used 2443K, capacity 2540K, committed 2560K, reserved 1048576K
Event: 38,658 GC heap after
Heap after GC invocations=21 (full 4):
 PSYoungGen      total 210944K, used 67041K [0x00000000ebd80000, 0x00000000fff00000, 0x0000000100000000)
  eden space 143872K, 0% used [0x00000000ebd80000,0x00000000ebd80000,0x00000000f4a00000)
  from space 67072K, 99% used [0x00000000f4a00000,0x00000000f8b78558,0x00000000f8b80000)
  to   space 85504K, 0% used [0x00000000fab80000,0x00000000fab80000,0x00000000fff00000)
 ParOldGen       total 296448K, used 237415K [0x00000000c3800000, 0x00000000d5980000, 0x00000000ebd80000)
  object space 296448K, 80% used [0x00000000c3800000,0x00000000d1fd9fb0,0x00000000d5980000)
 Metaspace       used 20269K, capacity 20568K, committed 20736K, reserved 1067008K
  class space    used 2443K, capacity 2540K, committed 2560K, reserved 1048576K
}
Event: 40,113 GC heap before
{Heap before GC invocations=22 (full 4):
 PSYoungGen      total 210944K, used 210913K [0x00000000ebd80000, 0x00000000fff00000, 0x0000000100000000)
  eden space 143872K, 100% used [0x00000000ebd80000,0x00000000f4a00000,0x00000000f4a00000)
  from space 67072K, 99% used [0x00000000f4a00000,0x00000000f8b78558,0x00000000f8b80000)
  to   space 85504K, 0% used [0x00000000fab80000,0x00000000fab80000,0x00000000fff00000)
 ParOldGen       total 296448K, used 237415K [0x00000000c3800000, 0x00000000d5980000, 0x00000000ebd80000)
  object space 296448K, 80% used [0x00000000c3800000,0x00000000d1fd9fb0,0x00000000d5980000)
 Metaspace       used 20269K, capacity 20568K, committed 20736K, reserved 1067008K
  class space    used 2443K, capacity 2540K, committed 2560K, reserved 1048576K
Event: 40,294 GC heap after
Heap after GC invocations=22 (full 4):
 PSYoungGen      total 238592K, used 36435K [0x00000000ebd80000, 0x00000000ff880000, 0x0000000100000000)
  eden space 159744K, 0% used [0x00000000ebd80000,0x00000000ebd80000,0x00000000f5980000)
  from space 78848K, 46% used [0x00000000fab80000,0x00000000fcf14e90,0x00000000ff880000)
  to   space 81408K, 0% used [0x00000000f5980000,0x00000000f5980000,0x00000000fa900000)
 ParOldGen       total 305152K, used 304505K [0x00000000c3800000, 0x00000000d6200000, 0x00000000ebd80000)
  object space 305152K, 99% used [0x00000000c3800000,0x00000000d615e508,0x00000000d6200000)
 Metaspace       used 20269K, capacity 20568K, committed 20736K, reserved 1067008K
  class space    used 2443K, capacity 2540K, committed 2560K, reserved 1048576K
}
Event: 40,294 GC heap before
{Heap before GC invocations=23 (full 5):
 PSYoungGen      total 238592K, used 36435K [0x00000000ebd80000, 0x00000000ff880000, 0x0000000100000000)
  eden space 159744K, 0% used [0x00000000ebd80000,0x00000000ebd80000,0x00000000f5980000)
  from space 78848K, 46% used [0x00000000fab80000,0x00000000fcf14e90,0x00000000ff880000)
  to   space 81408K, 0% used [0x00000000f5980000,0x00000000f5980000,0x00000000fa900000)
 ParOldGen       total 305152K, used 304505K [0x00000000c3800000, 0x00000000d6200000, 0x00000000ebd80000)
  object space 305152K, 99% used [0x00000000c3800000,0x00000000d615e508,0x00000000d6200000)
 Metaspace       used 20269K, capacity 20568K, committed 20736K, reserved 1067008K
  class space    used 2443K, capacity 2540K, committed 2560K, reserved 1048576K

